<?xml version="1.0" encoding="UTF-8"?>
<testng-results ignored="0" total="4" passed="4" failed="0" skipped="0">
  <reporter-output>
  </reporter-output>
  <suite started-at="2023-08-16T19:23:49 IST" name="Default suite" finished-at="2023-08-16T19:26:18 IST" duration-ms="148893">
    <groups>
    </groups>
    <test started-at="2023-08-16T19:23:49 IST" name="Default test" finished-at="2023-08-16T19:26:18 IST" duration-ms="148893">
      <class name="com.tutorialsninja.qa.testcases.RegisterTest">
        <test-method is-config="true" signature="setup()[pri:0, instance:com.tutorialsninja.qa.testcases.RegisterTest@3cebbb30]" started-at="2023-08-16T19:23:49 IST" name="setup" finished-at="2023-08-16T19:24:27 IST" duration-ms="37682" status="PASS">
          <reporter-output>
          </reporter-output>
        </test-method> <!-- setup -->
        <test-method signature="verifyRegisteringAnAccountWithMandatoryFields()[pri:1, instance:com.tutorialsninja.qa.testcases.RegisterTest@3cebbb30]" started-at="2023-08-16T19:24:27 IST" name="verifyRegisteringAnAccountWithMandatoryFields" finished-at="2023-08-16T19:24:30 IST" duration-ms="2553" status="PASS">
          <reporter-output>
          </reporter-output>
        </test-method> <!-- verifyRegisteringAnAccountWithMandatoryFields -->
        <test-method is-config="true" signature="tearDown()[pri:0, instance:com.tutorialsninja.qa.testcases.RegisterTest@3cebbb30]" started-at="2023-08-16T19:24:30 IST" name="tearDown" finished-at="2023-08-16T19:24:30 IST" duration-ms="138" status="PASS">
          <reporter-output>
          </reporter-output>
        </test-method> <!-- tearDown -->
        <test-method is-config="true" signature="setup()[pri:0, instance:com.tutorialsninja.qa.testcases.RegisterTest@3cebbb30]" started-at="2023-08-16T19:24:30 IST" name="setup" finished-at="2023-08-16T19:25:04 IST" duration-ms="34495" status="PASS">
          <reporter-output>
          </reporter-output>
        </test-method> <!-- setup -->
        <test-method signature="verifyRegisteringAccountByProvidingAllFields()[pri:2, instance:com.tutorialsninja.qa.testcases.RegisterTest@3cebbb30]" started-at="2023-08-16T19:25:04 IST" name="verifyRegisteringAccountByProvidingAllFields" finished-at="2023-08-16T19:25:06 IST" duration-ms="1559" status="PASS">
          <reporter-output>
          </reporter-output>
        </test-method> <!-- verifyRegisteringAccountByProvidingAllFields -->
        <test-method is-config="true" signature="tearDown()[pri:0, instance:com.tutorialsninja.qa.testcases.RegisterTest@3cebbb30]" started-at="2023-08-16T19:25:06 IST" name="tearDown" finished-at="2023-08-16T19:25:06 IST" duration-ms="134" status="PASS">
          <reporter-output>
          </reporter-output>
        </test-method> <!-- tearDown -->
        <test-method is-config="true" signature="setup()[pri:0, instance:com.tutorialsninja.qa.testcases.RegisterTest@3cebbb30]" started-at="2023-08-16T19:25:06 IST" name="setup" finished-at="2023-08-16T19:25:41 IST" duration-ms="35099" status="PASS">
          <reporter-output>
          </reporter-output>
        </test-method> <!-- setup -->
        <test-method signature="verifyRegisteringAccountWithExistingEmailAddress()[pri:3, instance:com.tutorialsninja.qa.testcases.RegisterTest@3cebbb30]" started-at="2023-08-16T19:25:41 IST" name="verifyRegisteringAccountWithExistingEmailAddress" finished-at="2023-08-16T19:25:42 IST" duration-ms="1437" status="PASS">
          <reporter-output>
          </reporter-output>
        </test-method> <!-- verifyRegisteringAccountWithExistingEmailAddress -->
        <test-method is-config="true" signature="tearDown()[pri:0, instance:com.tutorialsninja.qa.testcases.RegisterTest@3cebbb30]" started-at="2023-08-16T19:25:42 IST" name="tearDown" finished-at="2023-08-16T19:25:43 IST" duration-ms="192" status="PASS">
          <reporter-output>
          </reporter-output>
        </test-method> <!-- tearDown -->
        <test-method is-config="true" signature="setup()[pri:0, instance:com.tutorialsninja.qa.testcases.RegisterTest@3cebbb30]" started-at="2023-08-16T19:25:43 IST" name="setup" finished-at="2023-08-16T19:26:17 IST" duration-ms="34584" status="PASS">
          <reporter-output>
          </reporter-output>
        </test-method> <!-- setup -->
        <test-method signature="verifyRegisteringAccountWithoutFillingAnyDetails()[pri:4, instance:com.tutorialsninja.qa.testcases.RegisterTest@3cebbb30]" started-at="2023-08-16T19:26:17 IST" name="verifyRegisteringAccountWithoutFillingAnyDetails" finished-at="2023-08-16T19:26:18 IST" duration-ms="789" status="PASS">
          <reporter-output>
          </reporter-output>
        </test-method> <!-- verifyRegisteringAccountWithoutFillingAnyDetails -->
        <test-method is-config="true" signature="tearDown()[pri:0, instance:com.tutorialsninja.qa.testcases.RegisterTest@3cebbb30]" started-at="2023-08-16T19:26:18 IST" name="tearDown" finished-at="2023-08-16T19:26:18 IST" duration-ms="173" status="PASS">
          <reporter-output>
          </reporter-output>
        </test-method> <!-- tearDown -->
      </class> <!-- com.tutorialsninja.qa.testcases.RegisterTest -->
    </test> <!-- Default test -->
  </suite> <!-- Default suite -->
</testng-results>
